Build started 3/30/2014 18:10:14.
     1>Project "D:\Perkuliahan\Mata Kuliah\Semester 4\IF2210 - Pemrograman Berorientasi Objek\Tubes1\WithoutSTL\Tubes1OOP.vcxproj" on node 2 (Build target(s)).
     1>C:\Program Files (x86)\MSBuild\Microsoft.Cpp\v4.0\V120\Microsoft.CppBuild.targets(381,5): warning MSB8028: The intermediate directory (Debug\) contains files shared from another project (Tubes1.vcxproj).  This can lead to incorrect clean and rebuild behavior.
     1>ClCompile:
         C:\Program Files (x86)\Microsoft Visual Studio 12.0\VC\bin\CL.exe /c /ZI /nologo /W3 /WX- /sdl /Od /Oy- /D WIN32 /D _DEBUG /D _CONSOLE /D _LIB /D _UNICODE /D UNICODE /Gm /EHsc /RTC1 /MDd /GS /fp:precise /Zc:wchar_t /Zc:forScope /Fo"Debug\\" /Fd"Debug\vc120.pdb" /Gd /TP /analyze- /errorReport:prompt DateTime\DateTime.cpp Date\Date.cpp Event\Event.cpp main.cpp Queue\Queue.cpp Teller\Teller.cpp Time\Time.cpp
         Time.cpp
         Teller.cpp
         Queue.cpp
         main.cpp
         Event.cpp
         Date.cpp
         DateTime.cpp
         Generating Code...
       Link:
         C:\Program Files (x86)\Microsoft Visual Studio 12.0\VC\bin\link.exe /ERRORREPORT:PROMPT /OUT:"D:\Perkuliahan\Mata Kuliah\Semester 4\IF2210 - Pemrograman Berorientasi Objek\Tubes1\WithoutSTL\Debug\Tubes1OOP.exe" /INCREMENTAL /NOLOGO kernel32.lib user32.lib gdi32.lib winspool.lib comdlg32.lib advapi32.lib shell32.lib ole32.lib oleaut32.lib uuid.lib odbc32.lib odbccp32.lib /MANIFEST /MANIFESTUAC:"level='asInvoker' uiAccess='false'" /manifest:embed /DEBUG /PDB:"D:\Perkuliahan\Mata Kuliah\Semester 4\IF2210 - Pemrograman Berorientasi Objek\Tubes1\WithoutSTL\Debug\Tubes1OOP.pdb" /SUBSYSTEM:CONSOLE /TLBID:1 /DYNAMICBASE /NXCOMPAT /IMPLIB:"D:\Perkuliahan\Mata Kuliah\Semester 4\IF2210 - Pemrograman Berorientasi Objek\Tubes1\WithoutSTL\Debug\Tubes1OOP.lib" /MACHINE:X86 Debug\DateTime.obj
         Debug\Date.obj
         Debug\Event.obj
         Debug\main.obj
         Debug\Queue.obj
         Debug\Teller.obj
         Debug\Time.obj
         LINK : D:\Perkuliahan\Mata Kuliah\Semester 4\IF2210 - Pemrograman Berorientasi Objek\Tubes1\WithoutSTL\Debug\Tubes1OOP.exe not found or not built by the last incremental link; performing full link
         Tubes1OOP.vcxproj -> D:\Perkuliahan\Mata Kuliah\Semester 4\IF2210 - Pemrograman Berorientasi Objek\Tubes1\WithoutSTL\Debug\Tubes1OOP.exe
     1>Done Building Project "D:\Perkuliahan\Mata Kuliah\Semester 4\IF2210 - Pemrograman Berorientasi Objek\Tubes1\WithoutSTL\Tubes1OOP.vcxproj" (Build target(s)).

Build succeeded.

Time Elapsed 00:00:09.40
